<?xml version="1.0" encoding="UTF-8"?>
<coverage generated="1516352741054" clover="3.2.0">
  <project timestamp="1516352741054" name="All files">
    <metrics statements="77" coveredstatements="62" conditionals="19" coveredconditionals="9" methods="10" coveredmethods="6" elements="106" coveredelements="77" complexity="0" loc="77" ncloc="77" packages="2" files="4" classes="4">
      <package name="src">
        <metrics statements="43" coveredstatements="41" conditionals="13" coveredconditionals="8" methods="2" coveredmethods="2"/>
        <file name="app.ts" path="/Users/julianyang/Projects/test_heroku/src/app.ts">
          <metrics statements="43" coveredstatements="41" conditionals="13" coveredconditionals="8" methods="2" coveredmethods="2"/>
          <line num="2" count="4" type="stmt"/>
          <line num="3" count="4" type="stmt"/>
          <line num="4" count="4" type="stmt"/>
          <line num="5" count="4" type="stmt"/>
          <line num="6" count="4" type="stmt"/>
          <line num="7" count="4" type="stmt"/>
          <line num="8" count="4" type="stmt"/>
          <line num="9" count="4" type="stmt"/>
          <line num="10" count="4" type="stmt"/>
          <line num="11" count="4" type="stmt"/>
          <line num="12" count="4" type="stmt"/>
          <line num="14" count="4" type="stmt"/>
          <line num="16" count="4" type="stmt"/>
          <line num="17" count="4" type="stmt"/>
          <line num="18" count="4" type="stmt"/>
          <line num="21" count="4" type="stmt"/>
          <line num="23" count="4" type="cond" truecount="2" falsecount="0"/>
          <line num="24" count="4" type="stmt"/>
          <line num="25" count="4" type="stmt"/>
          <line num="26" count="4" type="stmt"/>
          <line num="27" count="4" type="stmt"/>
          <line num="28" count="4" type="stmt"/>
          <line num="29" count="4" type="stmt"/>
          <line num="30" count="4" type="stmt"/>
          <line num="31" count="4" type="stmt"/>
          <line num="36" count="4" type="stmt"/>
          <line num="37" count="4" type="stmt"/>
          <line num="38" count="4" type="stmt"/>
          <line num="39" count="4" type="stmt"/>
          <line num="40" count="5" type="stmt"/>
          <line num="41" count="5" type="stmt"/>
          <line num="43" count="4" type="stmt"/>
          <line num="45" count="5" type="cond" truecount="6" falsecount="1"/>
          <line num="50" count="5" type="stmt"/>
          <line num="52" count="0" type="cond" truecount="0" falsecount="4"/>
          <line num="54" count="0" type="stmt"/>
          <line num="56" count="5" type="stmt"/>
          <line num="58" count="4" type="stmt"/>
          <line num="62" count="4" type="stmt"/>
          <line num="63" count="4" type="stmt"/>
          <line num="64" count="4" type="stmt"/>
          <line num="68" count="4" type="stmt"/>
          <line num="72" count="4" type="stmt"/>
        </file>
      </package>
      <package name="src.controllers">
        <metrics statements="34" coveredstatements="21" conditionals="6" coveredconditionals="1" methods="8" coveredmethods="4"/>
        <file name="api.ts" path="/Users/julianyang/Projects/test_heroku/src/controllers/api.ts">
          <metrics statements="11" coveredstatements="5" conditionals="2" coveredconditionals="0" methods="4" coveredmethods="1"/>
          <line num="2" count="4" type="stmt"/>
          <line num="3" count="4" type="stmt"/>
          <line num="8" count="4" type="stmt"/>
          <line num="9" count="1" type="stmt"/>
          <line num="17" count="4" type="stmt"/>
          <line num="18" count="0" type="stmt"/>
          <line num="19" count="0" type="stmt"/>
          <line num="20" count="0" type="stmt"/>
          <line num="21" count="0" type="cond" truecount="0" falsecount="2"/>
          <line num="22" count="0" type="stmt"/>
          <line num="24" count="0" type="stmt"/>
        </file>
        <file name="contact.ts" path="/Users/julianyang/Projects/test_heroku/src/controllers/contact.ts">
          <metrics statements="20" coveredstatements="13" conditionals="4" coveredconditionals="1" methods="3" coveredmethods="2"/>
          <line num="2" count="4" type="stmt"/>
          <line num="3" count="4" type="stmt"/>
          <line num="4" count="4" type="stmt"/>
          <line num="15" count="4" type="stmt"/>
          <line num="16" count="1" type="stmt"/>
          <line num="24" count="4" type="stmt"/>
          <line num="25" count="1" type="stmt"/>
          <line num="26" count="1" type="stmt"/>
          <line num="27" count="1" type="stmt"/>
          <line num="28" count="1" type="stmt"/>
          <line num="29" count="1" type="cond" truecount="1" falsecount="1"/>
          <line num="30" count="1" type="stmt"/>
          <line num="31" count="1" type="stmt"/>
          <line num="33" count="0" type="stmt"/>
          <line num="39" count="0" type="stmt"/>
          <line num="40" count="0" type="cond" truecount="0" falsecount="2"/>
          <line num="41" count="0" type="stmt"/>
          <line num="42" count="0" type="stmt"/>
          <line num="44" count="0" type="stmt"/>
          <line num="45" count="0" type="stmt"/>
        </file>
        <file name="home.ts" path="/Users/julianyang/Projects/test_heroku/src/controllers/home.ts">
          <metrics statements="3" coveredstatements="3" conditionals="0" coveredconditionals="0" methods="1" coveredmethods="1"/>
          <line num="2" count="4" type="stmt"/>
          <line num="7" count="4" type="stmt"/>
          <line num="8" count="1" type="stmt"/>
        </file>
      </package>
    </metrics>
  </project>
</coverage>
