TN:
SF:/Users/julianyang/Projects/test_heroku/src/app.ts
FNF:0
FNH:0
DA:2,4
DA:3,4
DA:4,4
DA:5,4
DA:6,4
DA:7,4
DA:8,4
DA:9,4
DA:10,4
DA:11,4
DA:12,4
DA:15,4
DA:17,4
DA:18,4
DA:19,4
DA:20,4
DA:22,4
DA:23,4
DA:31,4
DA:33,4
DA:34,4
DA:35,4
DA:36,4
DA:37,4
DA:38,4
DA:39,4
DA:40,4
DA:41,4
DA:46,4
DA:47,4
DA:48,4
DA:49,4
DA:53,4
DA:54,4
DA:55,4
DA:56,4
DA:60,4
DA:64,4
LF:38
LH:38
BRDA:33,0,0,4
BRDA:33,0,1,4
BRF:2
BRH:2
end_of_record
TN:
SF:/Users/julianyang/Projects/test_heroku/src/auth/authentication.ts
FN:2,(anonymous_0)
FN:3,(anonymous_1)
FN:4,fulfilled
FN:5,rejected
FN:6,step
FN:6,(anonymous_5)
FN:23,(anonymous_6)
FN:38,testSignin
FN:46,signinPost
FN:47,(anonymous_9)
FN:80,signinResult
FN:85,returnAuthCode
FN:86,(anonymous_12)
FN:98,exchangeToken
FN:121,isValidToken
FN:129,buildTokenExchangeResponse
FNF:16
FNH:0
FNDA:0,(anonymous_0)
FNDA:0,(anonymous_1)
FNDA:0,fulfilled
FNDA:0,rejected
FNDA:0,step
FNDA:0,(anonymous_5)
FNDA:0,(anonymous_6)
FNDA:0,testSignin
FNDA:0,signinPost
FNDA:0,(anonymous_9)
FNDA:0,signinResult
FNDA:0,returnAuthCode
FNDA:0,(anonymous_12)
FNDA:0,exchangeToken
FNDA:0,isValidToken
FNDA:0,buildTokenExchangeResponse
DA:2,4
DA:3,0
DA:4,0
DA:5,0
DA:6,0
DA:7,0
DA:10,4
DA:11,4
DA:12,4
DA:13,4
DA:14,4
DA:15,4
DA:16,4
DA:17,4
DA:18,4
DA:19,4
DA:23,4
DA:24,0
DA:25,0
DA:26,0
DA:35,0
DA:39,0
DA:40,0
DA:41,0
DA:42,0
DA:43,0
DA:44,0
DA:47,0
DA:48,0
DA:49,0
DA:50,0
DA:51,0
DA:53,0
DA:54,0
DA:58,0
DA:59,0
DA:61,0
DA:62,0
DA:65,0
DA:66,0
DA:67,0
DA:72,0
DA:76,0
DA:81,0
DA:82,0
DA:83,0
DA:86,0
DA:88,0
DA:89,0
DA:90,0
DA:91,0
DA:92,0
DA:93,0
DA:94,0
DA:97,4
DA:99,0
DA:100,0
DA:101,0
DA:103,0
DA:104,0
DA:105,0
DA:106,0
DA:107,0
DA:109,0
DA:110,0
DA:112,0
DA:114,0
DA:115,0
DA:118,0
DA:122,0
DA:123,0
DA:124,0
DA:127,0
DA:130,0
DA:135,0
DA:136,0
DA:139,0
DA:141,4
DA:142,4
DA:143,4
DA:144,4
DA:145,4
DA:146,4
LF:83
LH:19
BRDA:2,0,0,4
BRDA:2,0,1,4
BRDA:2,0,2,4
BRDA:3,1,0,0
BRDA:3,1,1,0
BRDA:6,2,0,0
BRDA:6,2,1,0
BRDA:7,3,0,0
BRDA:7,3,1,0
BRDA:41,4,0,0
BRDA:41,4,1,0
BRDA:65,5,0,0
BRDA:65,5,1,0
BRDA:103,6,0,0
BRDA:103,6,1,0
BRDA:107,7,0,0
BRDA:107,7,1,0
BRDA:107,8,0,0
BRDA:107,8,1,0
BRDA:112,9,0,0
BRDA:112,9,1,0
BRDA:112,10,0,0
BRDA:112,10,1,0
BRDA:124,11,0,0
BRDA:124,11,1,0
BRDA:127,12,0,0
BRDA:127,12,1,0
BRDA:127,12,2,0
BRDA:135,13,0,0
BRDA:135,13,1,0
BRF:30
BRH:3
end_of_record
TN:
SF:/Users/julianyang/Projects/test_heroku/src/auth/spotify.ts
FN:2,(anonymous_0)
FN:3,(anonymous_1)
FN:4,fulfilled
FN:5,rejected
FN:6,step
FN:6,(anonymous_5)
FN:25,loginSpotify
FN:42,processSpotifyLogin
FN:43,(anonymous_8)
FN:61,retrieveTokens
FN:62,(anonymous_10)
FNF:11
FNH:0
FNDA:0,(anonymous_0)
FNDA:0,(anonymous_1)
FNDA:0,fulfilled
FNDA:0,rejected
FNDA:0,step
FNDA:0,(anonymous_5)
FNDA:0,loginSpotify
FNDA:0,processSpotifyLogin
FNDA:0,(anonymous_8)
FNDA:0,retrieveTokens
FNDA:0,(anonymous_10)
DA:2,4
DA:3,0
DA:4,0
DA:5,0
DA:6,0
DA:7,0
DA:10,4
DA:11,4
DA:12,4
DA:13,4
DA:14,4
DA:15,4
DA:16,4
DA:17,4
DA:18,4
DA:24,4
DA:26,0
DA:27,0
DA:28,0
DA:36,0
DA:37,0
DA:38,0
DA:40,4
DA:43,0
DA:44,0
DA:45,0
DA:46,0
DA:47,0
DA:48,0
DA:50,0
DA:51,0
DA:52,0
DA:53,0
DA:54,0
DA:55,0
DA:56,0
DA:57,0
DA:60,4
DA:62,0
DA:63,0
DA:64,0
DA:76,0
DA:77,0
DA:79,0
DA:80,0
LF:45
LH:13
BRDA:2,0,0,4
BRDA:2,0,1,4
BRDA:2,0,2,4
BRDA:3,1,0,0
BRDA:3,1,1,0
BRDA:6,2,0,0
BRDA:6,2,1,0
BRDA:7,3,0,0
BRDA:7,3,1,0
BRF:9
BRH:3
end_of_record
TN:
SF:/Users/julianyang/Projects/test_heroku/src/auth/token.ts
FN:8,generateRandomToken
FN:13,getSecondsFromNow
FN:19,generateTokenCode
FN:37,decryptTokenCode
FN:48,verifyValidAccessToken
FNF:5
FNH:0
FNDA:0,generateRandomToken
FNDA:0,getSecondsFromNow
FNDA:0,generateTokenCode
FNDA:0,decryptTokenCode
FNDA:0,verifyValidAccessToken
DA:2,4
DA:3,4
DA:4,4
DA:5,4
DA:6,4
DA:7,4
DA:9,0
DA:10,0
DA:12,4
DA:14,0
DA:15,0
DA:16,0
DA:18,4
DA:20,0
DA:21,0
DA:22,0
DA:24,0
DA:25,0
DA:27,0
DA:33,0
DA:34,0
DA:36,4
DA:38,0
DA:39,0
DA:40,0
DA:43,0
DA:44,0
DA:47,4
DA:49,0
DA:50,0
DA:51,0
DA:52,0
LF:32
LH:10
BRDA:21,0,0,0
BRDA:21,0,1,0
BRDA:24,1,0,0
BRDA:24,1,1,0
BRDA:52,2,0,0
BRDA:52,2,1,0
BRF:6
BRH:0
end_of_record
TN:
SF:/Users/julianyang/Projects/test_heroku/src/config/constants.ts
FN:8,(anonymous_0)
FN:14,generateUrl
FNF:2
FNH:2
FNDA:4,(anonymous_0)
FNDA:4,generateUrl
DA:2,4
DA:3,4
DA:4,4
DA:5,4
DA:6,4
DA:8,4
DA:9,4
DA:10,4
DA:11,4
DA:13,4
DA:15,4
DA:17,4
LF:12
LH:12
BRDA:12,0,0,4
BRDA:12,0,1,4
BRDA:13,1,0,4
BRDA:13,1,1,0
BRF:4
BRH:3
end_of_record
TN:
SF:/Users/julianyang/Projects/test_heroku/src/controllers/api.ts
FN:7,(anonymous_0)
FNF:1
FNH:1
FNDA:1,(anonymous_0)
DA:2,4
DA:7,4
DA:8,1
LF:3
LH:3
BRF:0
BRH:0
end_of_record
TN:
SF:/Users/julianyang/Projects/test_heroku/src/controllers/contact.ts
FN:12,(anonymous_0)
FN:19,(anonymous_1)
FN:34,(anonymous_2)
FNF:3
FNH:1
FNDA:0,(anonymous_0)
FNDA:1,(anonymous_1)
FNDA:0,(anonymous_2)
DA:2,4
DA:3,4
DA:4,4
DA:12,4
DA:13,0
DA:19,4
DA:20,1
DA:21,1
DA:22,1
DA:23,1
DA:24,1
DA:25,1
DA:26,1
DA:28,0
DA:34,0
DA:35,0
DA:36,0
DA:37,0
DA:39,0
DA:40,0
LF:20
LH:12
BRDA:24,0,0,1
BRDA:24,0,1,0
BRDA:35,1,0,0
BRDA:35,1,1,0
BRF:4
BRH:1
end_of_record
TN:
SF:/Users/julianyang/Projects/test_heroku/src/controllers/home.ts
FN:7,(anonymous_0)
FNF:1
FNH:1
FNDA:1,(anonymous_0)
DA:2,4
DA:7,4
DA:8,1
LF:3
LH:3
BRF:0
BRH:0
end_of_record
TN:
SF:/Users/julianyang/Projects/test_heroku/src/models/db.ts
FN:13,(anonymous_0)
FN:21,(anonymous_1)
FN:24,(anonymous_2)
FNF:3
FNH:3
FNDA:4,(anonymous_0)
FNDA:4,(anonymous_1)
FNDA:4,(anonymous_2)
DA:2,4
DA:5,4
DA:6,4
DA:11,4
DA:15,4
DA:18,4
DA:19,4
DA:22,4
DA:25,4
DA:28,4
DA:29,4
DA:31,4
LF:12
LH:12
BRF:0
BRH:0
end_of_record
TN:
SF:/Users/julianyang/Projects/test_heroku/src/models/user.ts
FN:4,defineUser
FNF:1
FNH:1
FNDA:4,defineUser
DA:2,4
DA:3,4
DA:5,4
DA:11,4
DA:13,4
LF:5
LH:5
BRF:0
BRH:0
end_of_record
