TN:
SF:/Users/julianyang/Projects/test_heroku/src/app.ts
FN:39,(anonymous_0)
FN:43,(anonymous_1)
FNF:2
FNH:2
FNDA:5,(anonymous_0)
FNDA:5,(anonymous_1)
DA:2,4
DA:3,4
DA:4,4
DA:5,4
DA:6,4
DA:7,4
DA:8,4
DA:9,4
DA:10,4
DA:11,4
DA:12,4
DA:14,4
DA:16,4
DA:17,4
DA:18,4
DA:21,4
DA:23,4
DA:24,4
DA:25,4
DA:26,4
DA:27,4
DA:28,4
DA:29,4
DA:30,4
DA:31,4
DA:36,4
DA:37,4
DA:38,4
DA:39,4
DA:40,5
DA:41,5
DA:43,4
DA:45,5
DA:50,5
DA:52,0
DA:54,0
DA:56,5
DA:58,4
DA:62,4
DA:63,4
DA:64,4
DA:68,4
DA:72,4
LF:43
LH:41
BRDA:23,0,0,4
BRDA:23,0,1,4
BRDA:45,1,0,5
BRDA:45,1,1,0
BRDA:45,2,0,5
BRDA:45,2,1,5
BRDA:45,2,2,5
BRDA:45,2,3,5
BRDA:45,2,4,5
BRDA:52,3,0,0
BRDA:52,3,1,0
BRDA:52,4,0,0
BRDA:52,4,1,0
BRF:13
BRH:8
end_of_record
TN:
SF:/Users/julianyang/Projects/test_heroku/src/controllers/api.ts
FN:8,(anonymous_0)
FN:17,(anonymous_1)
FN:18,(anonymous_2)
FN:20,(anonymous_3)
FNF:4
FNH:1
FNDA:1,(anonymous_0)
FNDA:0,(anonymous_1)
FNDA:0,(anonymous_2)
FNDA:0,(anonymous_3)
DA:2,4
DA:3,4
DA:8,4
DA:9,1
DA:17,4
DA:18,0
DA:19,0
DA:20,0
DA:21,0
DA:22,0
DA:24,0
LF:11
LH:5
BRDA:21,0,0,0
BRDA:21,0,1,0
BRF:2
BRH:0
end_of_record
TN:
SF:/Users/julianyang/Projects/test_heroku/src/controllers/contact.ts
FN:15,(anonymous_0)
FN:24,(anonymous_1)
FN:39,(anonymous_2)
FNF:3
FNH:2
FNDA:1,(anonymous_0)
FNDA:1,(anonymous_1)
FNDA:0,(anonymous_2)
DA:2,4
DA:3,4
DA:4,4
DA:15,4
DA:16,1
DA:24,4
DA:25,1
DA:26,1
DA:27,1
DA:28,1
DA:29,1
DA:30,1
DA:31,1
DA:33,0
DA:39,0
DA:40,0
DA:41,0
DA:42,0
DA:44,0
DA:45,0
LF:20
LH:13
BRDA:29,0,0,1
BRDA:29,0,1,0
BRDA:40,1,0,0
BRDA:40,1,1,0
BRF:4
BRH:1
end_of_record
TN:
SF:/Users/julianyang/Projects/test_heroku/src/controllers/home.ts
FN:7,(anonymous_0)
FNF:1
FNH:1
FNDA:1,(anonymous_0)
DA:2,4
DA:7,4
DA:8,1
LF:3
LH:3
BRF:0
BRH:0
end_of_record
